[debug] [2023-05-03T19:13:57.215Z] ----------------------------------------------------------------------
[debug] [2023-05-03T19:13:57.218Z] Command:       C:\Program Files\nodejs\node.exe C:\Users\hp\AppData\Roaming\npm\node_modules\firebase-tools\lib\bin\firebase.js init
[debug] [2023-05-03T19:13:57.219Z] CLI Version:   11.29.1
[debug] [2023-05-03T19:13:57.219Z] Platform:      win32
[debug] [2023-05-03T19:13:57.219Z] Node Version:  v18.16.0
[debug] [2023-05-03T19:13:57.221Z] Time:          Thu May 04 2023 00:43:57 GMT+0530 (India Standard Time)
[debug] [2023-05-03T19:13:57.221Z] ----------------------------------------------------------------------
[debug] 
[debug] [2023-05-03T19:13:57.234Z] > command requires scopes: ["email","openid","https://www.googleapis.com/auth/cloudplatformprojects.readonly","https://www.googleapis.com/auth/firebase","https://www.googleapis.com/auth/cloud-platform"]
[debug] [2023-05-03T19:13:57.235Z] > authorizing via signed-in user (kyash00001@gmail.com)
[info] 
     ######## #### ########  ######## ########     ###     ######  ########
     ##        ##  ##     ## ##       ##     ##  ##   ##  ##       ##
     ######    ##  ########  ######   ########  #########  ######  ######
     ##        ##  ##    ##  ##       ##     ## ##     ##       ## ##
     ##       #### ##     ## ######## ########  ##     ##  ######  ########

You're about to initialize a Firebase project in this directory:

  C:\Users\hp\Desktop\Websites\Firebase\blogsite

[info] 
=== Project Setup
[info] 
[info] First, let's associate this project directory with a Firebase project.
[info] You can create multiple project aliases by running firebase use --add, 
[info] but for now we'll just set up a default project.
[info] 
[debug] [2023-05-03T19:14:26.544Z] >>> [apiv2][query] GET https://firebase.googleapis.com/v1beta1/projects pageSize=100
[debug] [2023-05-03T19:14:28.558Z] <<< [apiv2][status] GET https://firebase.googleapis.com/v1beta1/projects 200
[debug] [2023-05-03T19:14:28.559Z] <<< [apiv2][body] GET https://firebase.googleapis.com/v1beta1/projects [omitted]
